[2018-03-22T17:00:17.830] [INFO] resLogger - 
*************** response log start ***************
request method: GET
request originalUrl:  /
request client ip:  ::1
request query:  {}
response time: 14
response status: 200
response body: 
[]
*************** response log end ***************

[2018-03-22T17:03:00.915] [INFO] resLogger - 
*************** response log start ***************
request method: GET
request originalUrl:  /
request client ip:  ::1
request query:  {}
response time: 15
response status: 200
response body: 
[]
*************** response log end ***************

[2018-03-22T17:03:36.724] [INFO] resLogger - 
*************** response log start ***************
request method: GET
request originalUrl:  /
request client ip:  ::1
request query:  {}
response time: 14
response status: 200
response body: 
[]
*************** response log end ***************

[2018-03-22T17:09:52.230] [INFO] resLogger - 
*************** response log start ***************
request method: GET
request originalUrl:  /
request client ip:  ::1
request query:  {}
response time: 11
response status: 200
response body: 
[]
*************** response log end ***************

[2018-03-22T17:10:42.820] [INFO] resLogger - 
*************** response log start ***************
request method: GET
request originalUrl:  /
request client ip:  ::1
request query:  {}
response time: 17
response status: 200
response body: 
[]
*************** response log end ***************

[2018-03-22T17:10:53.718] [INFO] resLogger - 
*************** response log start ***************
request method: GET
request originalUrl:  /
request client ip:  ::1
request query:  {}
response time: 18
response status: 200
response body: 
[{"id":1,"username":"sdepold","birthday":"2018-03-22T09:02:25.000Z","createdAt":"2018-03-22T09:10:42.000Z","updatedAt":"2018-03-22T09:10:42.000Z"}]
*************** response log end ***************

[2018-03-22T17:11:06.637] [INFO] resLogger - 
*************** response log start ***************
request method: GET
request originalUrl:  /
request client ip:  ::1
request query:  {}
response time: 13
response status: 200
response body: 
[]
*************** response log end ***************

[2018-03-22T17:12:13.093] [INFO] resLogger - 
*************** response log start ***************
request method: GET
request originalUrl:  /
request client ip:  ::1
request query:  {}
response time: 19
response status: 200
response body: 
[]
*************** response log end ***************

[2018-03-22T17:12:17.795] [INFO] resLogger - 
*************** response log start ***************
request method: GET
request originalUrl:  /
request client ip:  ::1
request query:  {}
response time: 5
response status: 200
response body: 
[{"id":1,"username":"sdepold","birthday":"2018-03-22T09:02:25.000Z","createdAt":"2018-03-22T09:12:13.000Z","updatedAt":"2018-03-22T09:12:13.000Z"}]
*************** response log end ***************

[2018-03-22T17:12:20.758] [INFO] resLogger - 
*************** response log start ***************
request method: GET
request originalUrl:  /
request client ip:  ::1
request query:  {}
response time: 6
response status: 200
response body: 
[{"id":1,"username":"sdepold","birthday":"2018-03-22T09:02:25.000Z","createdAt":"2018-03-22T09:12:13.000Z","updatedAt":"2018-03-22T09:12:13.000Z"}]
*************** response log end ***************

[2018-03-22T17:12:33.551] [INFO] resLogger - 
*************** response log start ***************
request method: GET
request originalUrl:  /
request client ip:  ::1
request query:  {}
response time: 18
response status: 200
response body: 
[{"id":1,"username":"sdepold","birthday":"2018-03-22T09:02:25.000Z","createdAt":"2018-03-22T09:12:13.000Z","updatedAt":"2018-03-22T09:12:13.000Z"}]
*************** response log end ***************

[2018-03-22T17:12:34.595] [INFO] resLogger - 
*************** response log start ***************
request method: GET
request originalUrl:  /
request client ip:  ::1
request query:  {}
response time: 6
response status: 200
response body: 
[{"id":1,"username":"sdepold","birthday":"2018-03-22T09:02:25.000Z","createdAt":"2018-03-22T09:12:13.000Z","updatedAt":"2018-03-22T09:12:13.000Z"}]
*************** response log end ***************

